c:\users\annaovo\documents\github\chat_app\host\host\debug\vc142.pdb
c:\users\annaovo\documents\github\chat_app\host\host\debug\vc142.idb
c:\users\annaovo\documents\github\chat_app\host\host\debug\mainhost.obj
c:\users\annaovo\documents\github\chat_app\client\debug\host.exe
c:\users\annaovo\documents\github\chat_app\host\host\debug\host.ilk
c:\users\annaovo\documents\github\chat_app\client\debug\host.pdb
c:\users\poggers\documents\github\chat_app\host\host\debug\main.obj
c:\users\poggers\documents\github\chat_app\host\host\debug\mainhost.obj
c:\users\poggers\documents\github\chat_app\host\host\debug\tcphost.obj
c:\users\poggers\documents\github\chat_app\host\host\debug\host.ilk
c:\users\poggers\documents\github\chat_app\host\host\debug\vc142.idb
c:\users\poggers\documents\github\chat_app\host\host\debug\vc143.idb
c:\users\poggers\documents\github\chat_app\host\host\debug\vc142.pdb
c:\users\poggers\documents\github\chat_app\host\host\debug\vc143.pdb
c:\users\poggers\documents\github\chat_app\client\debug\host.pdb
c:\users\poggers\documents\github\chat_app\host\host\debug\host.tlog\cl.command.1.tlog
c:\users\poggers\documents\github\chat_app\host\host\debug\host.tlog\cl.read.1.tlog
c:\users\poggers\documents\github\chat_app\host\host\debug\host.tlog\cl.write.1.tlog
c:\users\poggers\documents\github\chat_app\host\host\debug\host.tlog\link-cvtres.read.1.tlog
c:\users\poggers\documents\github\chat_app\host\host\debug\host.tlog\link-cvtres.write.1.tlog
c:\users\poggers\documents\github\chat_app\host\host\debug\host.tlog\link-rc.read.1.tlog
c:\users\poggers\documents\github\chat_app\host\host\debug\host.tlog\link-rc.write.1.tlog
c:\users\poggers\documents\github\chat_app\host\host\debug\host.tlog\link.command.1.tlog
c:\users\poggers\documents\github\chat_app\host\host\debug\host.tlog\link.read.1.tlog
c:\users\poggers\documents\github\chat_app\host\host\debug\host.tlog\link.write.1.tlog
