c:\users\annaovo\documents\github\chat_app\client\client\debug\vc142.pdb
c:\users\annaovo\documents\github\chat_app\client\client\debug\vc142.idb
c:\users\annaovo\documents\github\chat_app\client\client\debug\mainclient.obj
c:\users\annaovo\documents\github\chat_app\client\debug\client.exe
c:\users\annaovo\documents\github\chat_app\client\client\debug\client.ilk
c:\users\annaovo\documents\github\chat_app\client\debug\client.pdb
c:\users\poggers\documents\github\chat_app\client\client\debug\main.obj
c:\users\poggers\documents\github\chat_app\client\client\debug\mainclient.obj
c:\users\poggers\documents\github\chat_app\client\client\debug\tcpclient.obj
c:\users\poggers\documents\github\chat_app\client\client\debug\client.ilk
c:\users\poggers\documents\github\chat_app\client\client\debug\vc142.idb
c:\users\poggers\documents\github\chat_app\client\client\debug\vc143.idb
c:\users\poggers\documents\github\chat_app\client\client\debug\vc142.pdb
c:\users\poggers\documents\github\chat_app\client\client\debug\vc143.pdb
c:\users\poggers\documents\github\chat_app\client\debug\client.pdb
c:\users\poggers\documents\github\chat_app\client\debug\client.exe
c:\users\poggers\documents\github\chat_app\client\client\debug\client.tlog\cl.command.1.tlog
c:\users\poggers\documents\github\chat_app\client\client\debug\client.tlog\cl.read.1.tlog
c:\users\poggers\documents\github\chat_app\client\client\debug\client.tlog\cl.write.1.tlog
c:\users\poggers\documents\github\chat_app\client\client\debug\client.tlog\link.command.1.tlog
c:\users\poggers\documents\github\chat_app\client\client\debug\client.tlog\link.read.1.tlog
c:\users\poggers\documents\github\chat_app\client\client\debug\client.tlog\link.write.1.tlog
